[13:15:26] start reading excel file
[13:15:26] end reading excel file
[13:15:26] start updating database
[13:15:26] insert lokasi : npk(97512194) ==  kol(16 ::  :: 1)/Jakarta kol(14)
[13:15:26] ada di array : 0
[13:15:26] insert user npk : 97512194
[13:15:26] ada di array : 0
[13:15:26] update user npk :   id:186
[13:15:26] ada di array : 0
[13:15:26] update user npk :   id:186
[13:15:26] ada di array : 0
[13:15:26] update user npk :   id:186
[13:15:26] ada di array : 0
[13:15:26] update user npk :   id:186
[13:15:26] ada di array : 0
[13:15:26] update user npk :   id:186
[13:15:26] ada di array : 0
[13:15:26] update user npk :   id:186
[13:15:26] ada di array : 0
[13:15:26] update user npk :   id:186
[13:15:26] ada di array : 0
[13:15:26] update user npk :   id:186
[13:15:26] ada di array : 0
[13:15:26] update user npk :   id:186
[13:15:26] ada di array : 0
[13:15:26] update user npk :   id:186
[13:15:26] ada di array : 0
[13:15:26] update user npk :   id:186
[13:15:26] ada di array : 0
[13:15:26] update user npk :   id:186
[13:15:26] ada di array : 0
[13:15:26] update user npk :   id:186
[13:15:26] ada di array : 0
[13:15:26] update user npk :   id:186
[13:15:26] ada di array : 0
[13:15:26] update user npk :   id:186
[13:15:26] ada di array : 0
[13:15:26] update user npk :   id:186
[13:15:26] ada di array : 0
[13:15:26] update user npk :   id:186
[13:15:26] ada di array : 0
[13:15:26] update user npk :   id:186
[13:15:26] ada di array : 0
[13:15:26] update user npk :   id:186
[13:15:26] ada di array : 0
[13:15:26] update user npk :   id:186
[13:15:26] ada di array : 0
[13:15:26] update user npk :   id:186
[13:15:26] ada di array : 0
[13:15:26] update user npk :   id:186
[13:15:26] ada di array : 0
[13:15:26] update user npk :   id:186
[13:15:26] ada di array : 0
[13:15:26] update user npk :   id:186
[13:15:26] ada di array : 0
[13:15:26] update user npk :   id:186
[13:15:26] ada di array : 0
[13:15:26] update user npk :   id:186
[13:15:26] ada di array : 0
[13:15:26] update user npk :   id:186
[13:15:26] ada di array : 0
[13:15:26] update user npk :   id:186
[13:15:26] ada di array : 0
[13:15:26] update user npk :   id:186
[13:15:26] ada di array : 0
[13:15:26] update user npk :   id:186
[13:15:26] ada di array : 0
[13:15:26] update user npk :   id:186
[13:15:26] end updating database
[13:24:48] start reading excel file
[13:24:48] end reading excel file
[13:24:48] start updating database
[13:24:48] ada di array : 0
[13:24:48] insert user npk : 97512194 
[13:24:48] ada di array : 0
[13:24:48] update user npk :   id:186
[13:24:48] ada di array : 0
[13:24:48] update user npk :   id:186
[13:24:48] ada di array : 0
[13:24:48] update user npk :   id:186
[13:24:48] ada di array : 0
[13:24:48] update user npk :   id:186
[13:24:48] ada di array : 0
[13:24:48] update user npk :   id:186
[13:24:48] ada di array : 0
[13:24:48] update user npk :   id:186
[13:24:48] ada di array : 0
[13:24:48] update user npk :   id:186
[13:24:48] ada di array : 0
[13:24:48] update user npk :   id:186
[13:24:48] ada di array : 0
[13:24:48] update user npk :   id:186
[13:24:48] ada di array : 0
[13:24:48] update user npk :   id:186
[13:24:48] ada di array : 0
[13:24:48] update user npk :   id:186
[13:24:48] ada di array : 0
[13:24:48] update user npk :   id:186
[13:24:48] ada di array : 0
[13:24:48] update user npk :   id:186
[13:24:48] ada di array : 0
[13:24:48] update user npk :   id:186
[13:24:48] ada di array : 0
[13:24:48] update user npk :   id:186
[13:24:48] ada di array : 0
[13:24:48] update user npk :   id:186
[13:24:48] ada di array : 0
[13:24:48] update user npk :   id:186
[13:24:48] ada di array : 0
[13:24:48] update user npk :   id:186
[13:24:48] ada di array : 0
[13:24:48] update user npk :   id:186
[13:24:48] ada di array : 0
[13:24:48] update user npk :   id:186
[13:24:48] ada di array : 0
[13:24:48] update user npk :   id:186
[13:24:48] ada di array : 0
[13:24:48] update user npk :   id:186
[13:24:48] ada di array : 0
[13:24:48] update user npk :   id:186
[13:24:48] ada di array : 0
[13:24:48] update user npk :   id:186
[13:24:48] ada di array : 0
[13:24:48] update user npk :   id:186
[13:24:48] ada di array : 0
[13:24:48] update user npk :   id:186
[13:24:48] ada di array : 0
[13:24:48] update user npk :   id:186
[13:24:48] ada di array : 0
[13:24:48] update user npk :   id:186
[13:24:48] ada di array : 0
[13:24:48] update user npk :   id:186
[13:24:48] ada di array : 0
[13:24:48] update user npk :   id:186
[13:24:48] ada di array : 0
[13:24:48] update user npk :   id:186
[13:24:48] end updating database
[13:25:32] start reading excel file
[13:25:32] end reading excel file
[13:25:32] start updating database
[13:25:32] ada di array : 0
[13:25:32] update user npk : 97512194   id:190
[13:25:32] ada di array : 0
[13:25:32] update user npk :   id:186
[13:25:32] ada di array : 0
[13:25:32] update user npk :   id:186
[13:25:32] ada di array : 0
[13:25:32] update user npk :   id:186
[13:25:32] ada di array : 0
[13:25:32] update user npk :   id:186
[13:25:32] ada di array : 0
[13:25:32] update user npk :   id:186
[13:25:32] ada di array : 0
[13:25:32] update user npk :   id:186
[13:25:32] ada di array : 0
[13:25:32] update user npk :   id:186
[13:25:32] ada di array : 0
[13:25:32] update user npk :   id:186
[13:25:32] ada di array : 0
[13:25:32] update user npk :   id:186
[13:25:32] ada di array : 0
[13:25:32] update user npk :   id:186
[13:25:32] ada di array : 0
[13:25:32] update user npk :   id:186
[13:25:32] ada di array : 0
[13:25:32] update user npk :   id:186
[13:25:32] ada di array : 0
[13:25:32] update user npk :   id:186
[13:25:32] ada di array : 0
[13:25:32] update user npk :   id:186
[13:25:32] ada di array : 0
[13:25:32] update user npk :   id:186
[13:25:32] ada di array : 0
[13:25:32] update user npk :   id:186
[13:25:32] ada di array : 0
[13:25:32] update user npk :   id:186
[13:25:32] ada di array : 0
[13:25:32] update user npk :   id:186
[13:25:32] ada di array : 0
[13:25:32] update user npk :   id:186
[13:25:32] ada di array : 0
[13:25:32] update user npk :   id:186
[13:25:32] ada di array : 0
[13:25:32] update user npk :   id:186
[13:25:32] ada di array : 0
[13:25:32] update user npk :   id:186
[13:25:32] ada di array : 0
[13:25:32] update user npk :   id:186
[13:25:32] ada di array : 0
[13:25:32] update user npk :   id:186
[13:25:32] ada di array : 0
[13:25:32] update user npk :   id:186
[13:25:32] ada di array : 0
[13:25:32] update user npk :   id:186
[13:25:32] ada di array : 0
[13:25:32] update user npk :   id:186
[13:25:32] ada di array : 0
[13:25:32] update user npk :   id:186
[13:25:32] ada di array : 0
[13:25:32] update user npk :   id:186
[13:25:32] ada di array : 0
[13:25:32] update user npk :   id:186
[13:25:32] ada di array : 0
[13:25:32] update user npk :   id:186
[13:25:32] end updating database
