[15:19:05] start reading excel file
[15:19:05] end reading excel file
[15:19:05] start updating database
[15:19:05] ga ada di array : 8
[15:19:05] update into table grade : 8
[15:19:05] insert user npk : 53672879
[15:19:06] insert lokasi : npk() ==  kol(16 ::  :: )/ kol(14)
[15:19:06] ada di array : 0
[15:19:06] update user npk :   id:186
[15:19:06] ada di array : 0
[15:19:06] update user npk :   id:186
[15:19:06] ada di array : 0
[15:19:06] update user npk :   id:186
[15:19:06] ada di array : 0
[15:19:06] update user npk :   id:186
[15:19:06] ada di array : 0
[15:19:06] update user npk :   id:186
[15:19:06] ada di array : 0
[15:19:06] update user npk :   id:186
[15:19:06] end updating database
[15:29:13] start reading excel file
[15:29:13] end reading excel file
[15:29:13] start updating database
[15:29:13] ga ada di array : 8
[15:29:13] update into table grade : 8
[15:29:13] update user npk : 53672879  id:187
[15:29:13] ada di array : 0
[15:29:13] update user npk :   id:186
[15:29:13] ada di array : 0
[15:29:13] update user npk :   id:186
[15:29:13] ada di array : 0
[15:29:13] update user npk :   id:186
[15:29:13] ada di array : 0
[15:29:13] update user npk :   id:186
[15:29:13] ada di array : 0
[15:29:13] update user npk :   id:186
[15:29:13] ada di array : 0
[15:29:13] update user npk :   id:186
[15:29:13] end updating database
[15:29:55] start reading excel file
[15:29:55] end reading excel file
[15:29:55] start updating database
[15:29:55] ga ada di array : 8
[15:29:55] update into table grade : 8
[15:29:55] insert user npk : PNO002
[15:29:55] ada di array : 0
[15:29:55] update user npk :   id:186
[15:29:55] ada di array : 0
[15:29:55] update user npk :   id:186
[15:29:55] ada di array : 0
[15:29:55] update user npk :   id:186
[15:29:55] ada di array : 0
[15:29:55] update user npk :   id:186
[15:29:55] ada di array : 0
[15:29:55] update user npk :   id:186
[15:29:55] ada di array : 0
[15:29:55] update user npk :   id:186
[15:29:55] end updating database
